x:\github\server_std\gameserver\x64\debug\vc143.pdb
x:\github\server_std\gameserver\x64\debug\vc143.idb
x:\github\server_std\gameserver\x64\debug\gamesessionmanager.obj
x:\github\server_std\gameserver\x64\debug\gamesession.obj
x:\github\server_std\gameserver\x64\debug\gameserver.pch
x:\github\server_std\gameserver\x64\debug\pch.obj
x:\github\server_std\gameserver\x64\debug\gameserver.obj
x:\github\server_std\gameserver\x64\debug\serverpackethandler.obj
x:\github\server_std\binary\debug\gameserver.exe
x:\github\server_std\binary\debug\gameserver.pdb
x:\github\server_std\gameserver\x64\debug\gameserver.ilk
x:\github\server_std\gameserver\x64\debug\gameserver.obj.enc
x:\github\server_std\gameserver\x64\debug\gameserver.tlog\cl.command.1.tlog
x:\github\server_std\gameserver\x64\debug\gameserver.tlog\cl.items.tlog
x:\github\server_std\gameserver\x64\debug\gameserver.tlog\cl.read.1.tlog
x:\github\server_std\gameserver\x64\debug\gameserver.tlog\cl.write.1.tlog
x:\github\server_std\gameserver\x64\debug\gameserver.tlog\link.command.1.tlog
x:\github\server_std\gameserver\x64\debug\gameserver.tlog\link.read.1.tlog
x:\github\server_std\gameserver\x64\debug\gameserver.tlog\link.secondary.1.tlog
x:\github\server_std\gameserver\x64\debug\gameserver.tlog\link.write.1.tlog
