x:\github\server_std\libraries\debug\servercore.pdb
x:\github\server_std\libraries\debug\servercore.idb
x:\github\server_std\servercore\x64\debug\threadmanager.obj
x:\github\server_std\servercore\x64\debug\socketutils.obj
x:\github\server_std\servercore\x64\debug\session.obj
x:\github\server_std\servercore\x64\debug\service.obj
x:\github\server_std\servercore\x64\debug\refcounting.obj
x:\github\server_std\servercore\x64\debug\netaddress.obj
x:\github\server_std\servercore\x64\debug\memorypool.obj
x:\github\server_std\servercore\x64\debug\memory.obj
x:\github\server_std\servercore\x64\debug\lock.obj
x:\github\server_std\servercore\x64\debug\listener.obj
x:\github\server_std\servercore\x64\debug\iocpevent.obj
x:\github\server_std\servercore\x64\debug\iocpcore.obj
x:\github\server_std\servercore\x64\debug\deadlockprofiler.obj
x:\github\server_std\servercore\x64\debug\coretls.obj
x:\github\server_std\servercore\x64\debug\corepch.obj
x:\github\server_std\servercore\x64\debug\coreglobal.obj
x:\github\server_std\servercore\x64\debug\allocator.obj
x:\github\server_std\servercore\x64\debug\recvbuffer.obj
x:\github\server_std\servercore\x64\debug\sendbuffer.obj
x:\github\server_std\servercore\x64\debug\bufferwriter.obj
x:\github\server_std\servercore\x64\debug\bufferreader.obj
x:\github\server_std\libraries\libs\servercore\debug\servercore.pdb
x:\github\server_std\libraries\libs\servercore\debug\servercore.idb
x:\github\server_std\servercore\x64\debug\job.obj
x:\github\server_std\servercore\x64\debug\servercore.pch
x:\github\server_std\servercore\x64\debug\pch.obj
x:\github\server_std\servercore\x64\debug\lockqueue.obj
x:\github\server_std\servercore\x64\debug\jobqueue.obj
x:\github\server_std\libraries\libs\servercore\debug\servercore.lib
x:\github\server_std\servercore\x64\debug\jobserializer.obj
x:\github\server_std\servercore\x64\debug\servercore.obj
x:\github\server_std\servercore\x64\debug\servercore.tlog\cl.command.1.tlog
x:\github\server_std\servercore\x64\debug\servercore.tlog\cl.items.tlog
x:\github\server_std\servercore\x64\debug\servercore.tlog\cl.read.1.tlog
x:\github\server_std\servercore\x64\debug\servercore.tlog\cl.write.1.tlog
x:\github\server_std\servercore\x64\debug\servercore.tlog\lib-link.read.1.tlog
x:\github\server_std\servercore\x64\debug\servercore.tlog\lib-link.write.1.tlog
x:\github\server_std\servercore\x64\debug\servercore.tlog\lib.command.1.tlog
